<?xml version="1.0" encoding="UTF-8"?>
<!-- Generated by org.testng.reporters.JUnitXMLReporter -->
<testsuite ignored="0" hostname="LAPTOP-NNLS1QRE" failures="0" tests="10" name="Test" time="0.121" errors="0" timestamp="2023-07-27T19:08:26 IST">
  <testcase classname="com.actitime.testscript.isabledTestCase" name="CreateCustomer" time="0.012"/>
  <testcase classname="com.actitime.testscript.isabledTestCase" name="DeleteCustomer" time="0.003"/>
  <testcase classname="com.actitime.testscript.isabledTestCase" name="ReviewCustomer" time="0.002"/>
  <testcase classname="com.actitime.testscript.isabledTestCase" name="ReviewCustomer" time="0.004"/>
  <testcase classname="com.actitime.testscript.isabledTestCase" name="ReviewCustomer" time="0.002"/>
  <testcase classname="com.actitime.testscript.DisabledCase" name="greateCustomer" time="0.002"/>
  <testcase classname="com.actitime.testscript.DisabledCase" name="oeviewCustomer" time="0.002"/>
  <testcase classname="com.actitime.testscript.DisabledCase" name="oeviewCustomer" time="0.002"/>
  <testcase classname="com.actitime.testscript.DisabledCase" name="oeviewCustomer" time="0.005"/>
  <testcase classname="com.actitime.testscript.DisabledCase" name="peleteCustomer" time="0.002"/>
</testsuite> <!-- Test -->
