<?xml version="1.0" encoding="UTF-8"?>
<testng-results ignored="0" total="10" passed="10" failed="0" skipped="0">
  <reporter-output>
    <line>
      <![CDATA[CreateCustomer]]>
    </line>
    <line>
      <![CDATA[DeleteCustomer]]>
    </line>
    <line>
      <![CDATA[ReviewCustomer]]>
    </line>
    <line>
      <![CDATA[ReviewCustomer]]>
    </line>
    <line>
      <![CDATA[ReviewCustomer]]>
    </line>
    <line>
      <![CDATA[greateCustomer]]>
    </line>
    <line>
      <![CDATA[oeviewCustomer]]>
    </line>
    <line>
      <![CDATA[oeviewCustomer]]>
    </line>
    <line>
      <![CDATA[oeviewCustomer]]>
    </line>
    <line>
      <![CDATA[peleteCustomer]]>
    </line>
  </reporter-output>
  <suite started-at="2023-07-27T19:08:26 IST" name="Suite" finished-at="2023-07-27T19:08:26 IST" duration-ms="121">
    <groups>
    </groups>
    <test started-at="2023-07-27T19:08:26 IST" name="Test" finished-at="2023-07-27T19:08:26 IST" duration-ms="121">
      <class name="com.actitime.testscript.DisabledCase">
        <test-method signature="greateCustomer()[pri:0, instance:com.actitime.testscript.DisabledCase@313ac989]" started-at="2023-07-27T19:08:26 IST" name="greateCustomer" finished-at="2023-07-27T19:08:26 IST" duration-ms="2" status="PASS">
          <reporter-output>
            <line>
              <![CDATA[greateCustomer]]>
            </line>
          </reporter-output>
        </test-method> <!-- greateCustomer -->
        <test-method signature="oeviewCustomer()[pri:0, instance:com.actitime.testscript.DisabledCase@313ac989]" started-at="2023-07-27T19:08:26 IST" name="oeviewCustomer" finished-at="2023-07-27T19:08:26 IST" duration-ms="2" status="PASS">
          <reporter-output>
            <line>
              <![CDATA[oeviewCustomer]]>
            </line>
          </reporter-output>
        </test-method> <!-- oeviewCustomer -->
        <test-method signature="oeviewCustomer()[pri:0, instance:com.actitime.testscript.DisabledCase@313ac989]" started-at="2023-07-27T19:08:26 IST" name="oeviewCustomer" finished-at="2023-07-27T19:08:26 IST" duration-ms="2" status="PASS">
          <reporter-output>
            <line>
              <![CDATA[oeviewCustomer]]>
            </line>
          </reporter-output>
        </test-method> <!-- oeviewCustomer -->
        <test-method signature="oeviewCustomer()[pri:0, instance:com.actitime.testscript.DisabledCase@313ac989]" started-at="2023-07-27T19:08:26 IST" name="oeviewCustomer" finished-at="2023-07-27T19:08:26 IST" duration-ms="5" status="PASS">
          <reporter-output>
            <line>
              <![CDATA[oeviewCustomer]]>
            </line>
          </reporter-output>
        </test-method> <!-- oeviewCustomer -->
        <test-method signature="peleteCustomer()[pri:0, instance:com.actitime.testscript.DisabledCase@313ac989]" started-at="2023-07-27T19:08:26 IST" name="peleteCustomer" finished-at="2023-07-27T19:08:26 IST" duration-ms="2" status="PASS">
          <reporter-output>
            <line>
              <![CDATA[peleteCustomer]]>
            </line>
          </reporter-output>
        </test-method> <!-- peleteCustomer -->
      </class> <!-- com.actitime.testscript.DisabledCase -->
      <class name="com.actitime.testscript.isabledTestCase">
        <test-method signature="CreateCustomer()[pri:0, instance:com.actitime.testscript.isabledTestCase@49e53c76]" started-at="2023-07-27T19:08:26 IST" name="CreateCustomer" finished-at="2023-07-27T19:08:26 IST" duration-ms="12" status="PASS">
          <reporter-output>
            <line>
              <![CDATA[CreateCustomer]]>
            </line>
          </reporter-output>
        </test-method> <!-- CreateCustomer -->
        <test-method signature="DeleteCustomer()[pri:0, instance:com.actitime.testscript.isabledTestCase@49e53c76]" started-at="2023-07-27T19:08:26 IST" name="DeleteCustomer" finished-at="2023-07-27T19:08:26 IST" duration-ms="3" status="PASS">
          <reporter-output>
            <line>
              <![CDATA[DeleteCustomer]]>
            </line>
          </reporter-output>
        </test-method> <!-- DeleteCustomer -->
        <test-method signature="ReviewCustomer()[pri:0, instance:com.actitime.testscript.isabledTestCase@49e53c76]" started-at="2023-07-27T19:08:26 IST" name="ReviewCustomer" finished-at="2023-07-27T19:08:26 IST" duration-ms="2" status="PASS">
          <reporter-output>
            <line>
              <![CDATA[ReviewCustomer]]>
            </line>
          </reporter-output>
        </test-method> <!-- ReviewCustomer -->
        <test-method signature="ReviewCustomer()[pri:0, instance:com.actitime.testscript.isabledTestCase@49e53c76]" started-at="2023-07-27T19:08:26 IST" name="ReviewCustomer" finished-at="2023-07-27T19:08:26 IST" duration-ms="4" status="PASS">
          <reporter-output>
            <line>
              <![CDATA[ReviewCustomer]]>
            </line>
          </reporter-output>
        </test-method> <!-- ReviewCustomer -->
        <test-method signature="ReviewCustomer()[pri:0, instance:com.actitime.testscript.isabledTestCase@49e53c76]" started-at="2023-07-27T19:08:26 IST" name="ReviewCustomer" finished-at="2023-07-27T19:08:26 IST" duration-ms="2" status="PASS">
          <reporter-output>
            <line>
              <![CDATA[ReviewCustomer]]>
            </line>
          </reporter-output>
        </test-method> <!-- ReviewCustomer -->
      </class> <!-- com.actitime.testscript.isabledTestCase -->
    </test> <!-- Test -->
  </suite> <!-- Suite -->
</testng-results>
